[2025-12-24 12:16:48.732] [ INFO] [main]  Application starting...
[2025-12-24 12:16:48.733] [ INFO] [main] Loading configuration...
[2025-12-24 12:16:48.733] [ INFO] [main] User authentication request from IP: 192.168.1.100
[2025-12-24 12:16:48.733] [ INFO] [main]  User authenticated successfully
[2025-12-24 12:16:48.733] [ INFO] [main] Executing database query...
[2025-12-24 12:16:48.733] [ INFO] [main] Query returned 150 results
[2025-12-24 12:16:48.734] [ WARN] [main]  High memory usage detected: 85%
[2025-12-24 12:16:48.734] [ WARN] [main] Cache size approaching limit: 950/1000
[2025-12-24 12:16:48.734] [ ERROR] [main] Failed to process user request
java.lang.IllegalStateException: Database connection pool exhausted
	at com.designpattern.singleton.realworld.Logger.demonstrateWebApplicationUsage(Logger.java:381)
	at com.designpattern.singleton.realworld.Logger.main(Logger.java:487)

[2025-12-24 12:16:48.735] [ INFO] [main] Request completed in 245ms
[2025-12-24 12:16:49.754] [ INFO] [EmailService] EmailService processing request #1
[2025-12-24 12:16:49.754] [ INFO] [OrderService] OrderService processing request #1
[2025-12-24 12:16:49.755] [ INFO] [PaymentService] PaymentService processing request #1
[2025-12-24 12:16:49.755] [ INFO] [NotificationService] NotificationService processing request #1
[2025-12-24 12:16:49.755] [ INFO] [UserService] UserService processing request #1
[2025-12-24 12:16:49.805] [ INFO] [EmailService] EmailService processing request #2
[2025-12-24 12:16:49.807] [ INFO] [OrderService] OrderService processing request #2
[2025-12-24 12:16:49.817] [ INFO] [UserService] UserService processing request #2
[2025-12-24 12:16:49.817] [ INFO] [PaymentService] PaymentService processing request #2
[2025-12-24 12:16:49.817] [ INFO] [NotificationService] NotificationService processing request #2
[2025-12-24 12:16:49.856] [ INFO] [EmailService] EmailService processing request #3
[2025-12-24 12:16:49.865] [ INFO] [OrderService] OrderService processing request #3
[2025-12-24 12:16:49.868] [ INFO] [UserService] UserService processing request #3
[2025-12-24 12:16:49.868] [ INFO] [PaymentService] PaymentService processing request #3
[2025-12-24 12:16:49.881] [ INFO] [NotificationService] NotificationService processing request #3
[2025-12-24 12:16:49.914] [ INFO] [EmailService] EmailService completed all requests
[2025-12-24 12:16:49.920] [ INFO] [UserService] UserService completed all requests
[2025-12-24 12:16:49.929] [ INFO] [PaymentService] PaymentService completed all requests
[2025-12-24 12:16:49.929] [ INFO] [OrderService] OrderService completed all requests
[2025-12-24 12:16:49.944] [ INFO] [NotificationService] NotificationService completed all requests
[2025-12-24 12:16:52.742] [ INFO] [main] This INFO message will be shown
[2025-12-24 12:16:52.742] [ WARN] [main] This WARN message will be shown
[2025-12-24 12:16:52.742] [ ERROR] [main] This ERROR message will be shown
[2025-12-24 12:16:52.742] [ DEBUG] [main] Now DEBUG messages are visible!
[2025-12-24 12:16:52.743] [ INFO] [main] INFO messages still visible
[2025-12-24 12:16:52.743] [ ERROR] [main] Only ERROR messages will be shown
[2025-12-24 12:16:53.764] [ INFO] [main] Performance test message #0
[2025-12-24 12:16:53.764] [ INFO] [main] Performance test message #1
[2025-12-24 12:16:53.764] [ INFO] [main] Performance test message #2
[2025-12-24 12:16:53.765] [ INFO] [main] Performance test message #3
[2025-12-24 12:16:53.765] [ INFO] [main] Performance test message #4
[2025-12-24 12:16:53.765] [ INFO] [main] Performance test message #5
[2025-12-24 12:16:53.765] [ INFO] [main] Performance test message #6
[2025-12-24 12:16:53.765] [ INFO] [main] Performance test message #7
[2025-12-24 12:16:53.766] [ INFO] [main] Performance test message #8
[2025-12-24 12:16:53.766] [ INFO] [main] Performance test message #9
[2025-12-24 12:16:53.766] [ INFO] [main] Performance test message #10
[2025-12-24 12:16:53.767] [ INFO] [main] Performance test message #11
[2025-12-24 12:16:53.767] [ INFO] [main] Performance test message #12
[2025-12-24 12:16:53.768] [ INFO] [main] Performance test message #13
[2025-12-24 12:16:53.768] [ INFO] [main] Performance test message #14
[2025-12-24 12:16:53.768] [ INFO] [main] Performance test message #15
[2025-12-24 12:16:53.769] [ INFO] [main] Performance test message #16
[2025-12-24 12:16:53.770] [ INFO] [main] Performance test message #17
[2025-12-24 12:16:53.770] [ INFO] [main] Performance test message #18
[2025-12-24 12:16:53.770] [ INFO] [main] Performance test message #19
[2025-12-24 12:16:53.770] [ INFO] [main] Performance test message #20
[2025-12-24 12:16:53.771] [ INFO] [main] Performance test message #21
[2025-12-24 12:16:53.771] [ INFO] [main] Performance test message #22
[2025-12-24 12:16:53.771] [ INFO] [main] Performance test message #23
[2025-12-24 12:16:53.771] [ INFO] [main] Performance test message #24
[2025-12-24 12:16:53.772] [ INFO] [main] Performance test message #25
[2025-12-24 12:16:53.772] [ INFO] [main] Performance test message #26
[2025-12-24 12:16:53.772] [ INFO] [main] Performance test message #27
[2025-12-24 12:16:53.773] [ INFO] [main] Performance test message #28
[2025-12-24 12:16:53.773] [ INFO] [main] Performance test message #29
[2025-12-24 12:16:53.773] [ INFO] [main] Performance test message #30
[2025-12-24 12:16:53.773] [ INFO] [main] Performance test message #31
[2025-12-24 12:16:53.773] [ INFO] [main] Performance test message #32
[2025-12-24 12:16:53.774] [ INFO] [main] Performance test message #33
[2025-12-24 12:16:53.774] [ INFO] [main] Performance test message #34
[2025-12-24 12:16:53.774] [ INFO] [main] Performance test message #35
[2025-12-24 12:16:53.774] [ INFO] [main] Performance test message #36
[2025-12-24 12:16:53.775] [ INFO] [main] Performance test message #37
[2025-12-24 12:16:53.776] [ INFO] [main] Performance test message #38
[2025-12-24 12:16:53.776] [ INFO] [main] Performance test message #39
[2025-12-24 12:16:53.776] [ INFO] [main] Performance test message #40
[2025-12-24 12:16:53.776] [ INFO] [main] Performance test message #41
[2025-12-24 12:16:53.777] [ INFO] [main] Performance test message #42
[2025-12-24 12:16:53.777] [ INFO] [main] Performance test message #43
[2025-12-24 12:16:53.778] [ INFO] [main] Performance test message #44
[2025-12-24 12:16:53.778] [ INFO] [main] Performance test message #45
[2025-12-24 12:16:53.778] [ INFO] [main] Performance test message #46
[2025-12-24 12:16:53.779] [ INFO] [main] Performance test message #47
[2025-12-24 12:16:53.779] [ INFO] [main] Performance test message #48
[2025-12-24 12:16:53.780] [ INFO] [main] Performance test message #49
[2025-12-24 12:16:53.780] [ INFO] [main] Performance test message #50
[2025-12-24 12:16:53.780] [ INFO] [main] Performance test message #51
[2025-12-24 12:16:53.780] [ INFO] [main] Performance test message #52
[2025-12-24 12:16:53.781] [ INFO] [main] Performance test message #53
[2025-12-24 12:16:53.781] [ INFO] [main] Performance test message #54
[2025-12-24 12:16:53.781] [ INFO] [main] Performance test message #55
[2025-12-24 12:16:53.782] [ INFO] [main] Performance test message #56
[2025-12-24 12:16:53.782] [ INFO] [main] Performance test message #57
[2025-12-24 12:16:53.782] [ INFO] [main] Performance test message #58
[2025-12-24 12:16:53.783] [ INFO] [main] Performance test message #59
[2025-12-24 12:16:53.783] [ INFO] [main] Performance test message #60
[2025-12-24 12:16:53.784] [ INFO] [main] Performance test message #61
[2025-12-24 12:16:53.784] [ INFO] [main] Performance test message #62
[2025-12-24 12:16:53.786] [ INFO] [main] Performance test message #63
[2025-12-24 12:16:53.790] [ INFO] [main] Performance test message #64
[2025-12-24 12:16:53.791] [ INFO] [main] Performance test message #65
[2025-12-24 12:16:53.791] [ INFO] [main] Performance test message #66
[2025-12-24 12:16:53.791] [ INFO] [main] Performance test message #67
[2025-12-24 12:16:53.791] [ INFO] [main] Performance test message #68
[2025-12-24 12:16:53.791] [ INFO] [main] Performance test message #69
[2025-12-24 12:16:53.791] [ INFO] [main] Performance test message #70
[2025-12-24 12:16:53.791] [ INFO] [main] Performance test message #71
[2025-12-24 12:16:53.791] [ INFO] [main] Performance test message #72
[2025-12-24 12:16:53.793] [ INFO] [main] Performance test message #73
[2025-12-24 12:16:53.793] [ INFO] [main] Performance test message #74
[2025-12-24 12:16:53.793] [ INFO] [main] Performance test message #75
[2025-12-24 12:16:53.794] [ INFO] [main] Performance test message #76
[2025-12-24 12:16:53.794] [ INFO] [main] Performance test message #77
[2025-12-24 12:16:53.794] [ INFO] [main] Performance test message #78
[2025-12-24 12:16:53.794] [ INFO] [main] Performance test message #79
[2025-12-24 12:16:53.794] [ INFO] [main] Performance test message #80
[2025-12-24 12:16:53.794] [ INFO] [main] Performance test message #81
[2025-12-24 12:16:53.794] [ INFO] [main] Performance test message #82
[2025-12-24 12:16:53.794] [ INFO] [main] Performance test message #83
[2025-12-24 12:16:53.795] [ INFO] [main] Performance test message #84
[2025-12-24 12:16:53.795] [ INFO] [main] Performance test message #85
[2025-12-24 12:16:53.795] [ INFO] [main] Performance test message #86
[2025-12-24 12:16:53.795] [ INFO] [main] Performance test message #87
[2025-12-24 12:16:53.795] [ INFO] [main] Performance test message #88
[2025-12-24 12:16:53.795] [ INFO] [main] Performance test message #89
[2025-12-24 12:16:53.795] [ INFO] [main] Performance test message #90
[2025-12-24 12:16:53.795] [ INFO] [main] Performance test message #91
[2025-12-24 12:16:53.795] [ INFO] [main] Performance test message #92
[2025-12-24 12:16:53.796] [ INFO] [main] Performance test message #93
[2025-12-24 12:16:53.796] [ INFO] [main] Performance test message #94
[2025-12-24 12:16:53.796] [ INFO] [main] Performance test message #95
[2025-12-24 12:16:53.796] [ INFO] [main] Performance test message #96
[2025-12-24 12:16:53.796] [ INFO] [main] Performance test message #97
[2025-12-24 12:16:53.796] [ INFO] [main] Performance test message #98
[2025-12-24 12:16:53.796] [ INFO] [main] Performance test message #99
[2025-12-24 12:16:53.796] [ INFO] [main] Performance test message #100
[2025-12-24 12:16:53.796] [ INFO] [main] Performance test message #101
[2025-12-24 12:16:53.796] [ INFO] [main] Performance test message #102
[2025-12-24 12:16:53.796] [ INFO] [main] Performance test message #103
[2025-12-24 12:16:53.796] [ INFO] [main] Performance test message #104
[2025-12-24 12:16:53.797] [ INFO] [main] Performance test message #105
[2025-12-24 12:16:53.797] [ INFO] [main] Performance test message #106
[2025-12-24 12:16:53.797] [ INFO] [main] Performance test message #107
[2025-12-24 12:16:53.797] [ INFO] [main] Performance test message #108
[2025-12-24 12:16:53.797] [ INFO] [main] Performance test message #109
[2025-12-24 12:16:53.797] [ INFO] [main] Performance test message #110
[2025-12-24 12:16:53.797] [ INFO] [main] Performance test message #111
[2025-12-24 12:16:53.797] [ INFO] [main] Performance test message #112
[2025-12-24 12:16:53.797] [ INFO] [main] Performance test message #113
[2025-12-24 12:16:53.797] [ INFO] [main] Performance test message #114
[2025-12-24 12:16:53.797] [ INFO] [main] Performance test message #115
[2025-12-24 12:16:53.797] [ INFO] [main] Performance test message #116
[2025-12-24 12:16:53.797] [ INFO] [main] Performance test message #117
[2025-12-24 12:16:53.797] [ INFO] [main] Performance test message #118
[2025-12-24 12:16:53.798] [ INFO] [main] Performance test message #119
[2025-12-24 12:16:53.798] [ INFO] [main] Performance test message #120
[2025-12-24 12:16:53.798] [ INFO] [main] Performance test message #121
[2025-12-24 12:16:53.798] [ INFO] [main] Performance test message #122
[2025-12-24 12:16:53.798] [ INFO] [main] Performance test message #123
[2025-12-24 12:16:53.798] [ INFO] [main] Performance test message #124
[2025-12-24 12:16:53.798] [ INFO] [main] Performance test message #125
[2025-12-24 12:16:53.798] [ INFO] [main] Performance test message #126
[2025-12-24 12:16:53.798] [ INFO] [main] Performance test message #127
[2025-12-24 12:16:53.798] [ INFO] [main] Performance test message #128
[2025-12-24 12:16:53.798] [ INFO] [main] Performance test message #129
[2025-12-24 12:16:53.798] [ INFO] [main] Performance test message #130
[2025-12-24 12:16:53.798] [ INFO] [main] Performance test message #131
[2025-12-24 12:16:53.798] [ INFO] [main] Performance test message #132
[2025-12-24 12:16:53.799] [ INFO] [main] Performance test message #133
[2025-12-24 12:16:53.799] [ INFO] [main] Performance test message #134
[2025-12-24 12:16:53.799] [ INFO] [main] Performance test message #135
[2025-12-24 12:16:53.799] [ INFO] [main] Performance test message #136
[2025-12-24 12:16:53.799] [ INFO] [main] Performance test message #137
[2025-12-24 12:16:53.799] [ INFO] [main] Performance test message #138
[2025-12-24 12:16:53.799] [ INFO] [main] Performance test message #139
[2025-12-24 12:16:53.799] [ INFO] [main] Performance test message #140
[2025-12-24 12:16:53.799] [ INFO] [main] Performance test message #141
[2025-12-24 12:16:53.799] [ INFO] [main] Performance test message #142
[2025-12-24 12:16:53.799] [ INFO] [main] Performance test message #143
[2025-12-24 12:16:53.799] [ INFO] [main] Performance test message #144
[2025-12-24 12:16:53.799] [ INFO] [main] Performance test message #145
[2025-12-24 12:16:53.799] [ INFO] [main] Performance test message #146
[2025-12-24 12:16:53.799] [ INFO] [main] Performance test message #147
[2025-12-24 12:16:53.799] [ INFO] [main] Performance test message #148
[2025-12-24 12:16:53.799] [ INFO] [main] Performance test message #149
[2025-12-24 12:16:53.799] [ INFO] [main] Performance test message #150
[2025-12-24 12:16:53.800] [ INFO] [main] Performance test message #151
[2025-12-24 12:16:53.800] [ INFO] [main] Performance test message #152
[2025-12-24 12:16:53.800] [ INFO] [main] Performance test message #153
[2025-12-24 12:16:53.800] [ INFO] [main] Performance test message #154
[2025-12-24 12:16:53.800] [ INFO] [main] Performance test message #155
[2025-12-24 12:16:53.800] [ INFO] [main] Performance test message #156
[2025-12-24 12:16:53.800] [ INFO] [main] Performance test message #157
[2025-12-24 12:16:53.800] [ INFO] [main] Performance test message #158
[2025-12-24 12:16:53.800] [ INFO] [main] Performance test message #159
[2025-12-24 12:16:53.801] [ INFO] [main] Performance test message #160
[2025-12-24 12:16:53.801] [ INFO] [main] Performance test message #161
[2025-12-24 12:16:53.801] [ INFO] [main] Performance test message #162
[2025-12-24 12:16:53.801] [ INFO] [main] Performance test message #163
[2025-12-24 12:16:53.801] [ INFO] [main] Performance test message #164
[2025-12-24 12:16:53.801] [ INFO] [main] Performance test message #165
[2025-12-24 12:16:53.801] [ INFO] [main] Performance test message #166
[2025-12-24 12:16:53.801] [ INFO] [main] Performance test message #167
[2025-12-24 12:16:53.801] [ INFO] [main] Performance test message #168
[2025-12-24 12:16:53.801] [ INFO] [main] Performance test message #169
[2025-12-24 12:16:53.802] [ INFO] [main] Performance test message #170
[2025-12-24 12:16:53.802] [ INFO] [main] Performance test message #171
[2025-12-24 12:16:53.802] [ INFO] [main] Performance test message #172
[2025-12-24 12:16:53.803] [ INFO] [main] Performance test message #173
[2025-12-24 12:16:53.803] [ INFO] [main] Performance test message #174
[2025-12-24 12:16:53.803] [ INFO] [main] Performance test message #175
[2025-12-24 12:16:53.803] [ INFO] [main] Performance test message #176
[2025-12-24 12:16:53.803] [ INFO] [main] Performance test message #177
[2025-12-24 12:16:53.803] [ INFO] [main] Performance test message #178
[2025-12-24 12:16:53.803] [ INFO] [main] Performance test message #179
[2025-12-24 12:16:53.803] [ INFO] [main] Performance test message #180
[2025-12-24 12:16:53.803] [ INFO] [main] Performance test message #181
[2025-12-24 12:16:53.803] [ INFO] [main] Performance test message #182
[2025-12-24 12:16:53.803] [ INFO] [main] Performance test message #183
[2025-12-24 12:16:53.803] [ INFO] [main] Performance test message #184
[2025-12-24 12:16:53.803] [ INFO] [main] Performance test message #185
[2025-12-24 12:16:53.803] [ INFO] [main] Performance test message #186
[2025-12-24 12:16:53.803] [ INFO] [main] Performance test message #187
[2025-12-24 12:16:53.803] [ INFO] [main] Performance test message #188
[2025-12-24 12:16:53.804] [ INFO] [main] Performance test message #189
[2025-12-24 12:16:53.804] [ INFO] [main] Performance test message #190
[2025-12-24 12:16:53.804] [ INFO] [main] Performance test message #191
[2025-12-24 12:16:53.804] [ INFO] [main] Performance test message #192
[2025-12-24 12:16:53.804] [ INFO] [main] Performance test message #193
[2025-12-24 12:16:53.804] [ INFO] [main] Performance test message #194
[2025-12-24 12:16:53.804] [ INFO] [main] Performance test message #195
[2025-12-24 12:16:53.804] [ INFO] [main] Performance test message #196
[2025-12-24 12:16:53.804] [ INFO] [main] Performance test message #197
[2025-12-24 12:16:53.804] [ INFO] [main] Performance test message #198
[2025-12-24 12:16:53.804] [ INFO] [main] Performance test message #199
[2025-12-24 12:16:53.804] [ INFO] [main] Performance test message #200
[2025-12-24 12:16:53.804] [ INFO] [main] Performance test message #201
[2025-12-24 12:16:53.804] [ INFO] [main] Performance test message #202
[2025-12-24 12:16:53.804] [ INFO] [main] Performance test message #203
[2025-12-24 12:16:53.804] [ INFO] [main] Performance test message #204
[2025-12-24 12:16:53.804] [ INFO] [main] Performance test message #205
[2025-12-24 12:16:53.804] [ INFO] [main] Performance test message #206
[2025-12-24 12:16:53.804] [ INFO] [main] Performance test message #207
[2025-12-24 12:16:53.804] [ INFO] [main] Performance test message #208
[2025-12-24 12:16:53.804] [ INFO] [main] Performance test message #209
[2025-12-24 12:16:53.804] [ INFO] [main] Performance test message #210
[2025-12-24 12:16:53.804] [ INFO] [main] Performance test message #211
[2025-12-24 12:16:53.804] [ INFO] [main] Performance test message #212
[2025-12-24 12:16:53.804] [ INFO] [main] Performance test message #213
[2025-12-24 12:16:53.804] [ INFO] [main] Performance test message #214
[2025-12-24 12:16:53.805] [ INFO] [main] Performance test message #215
[2025-12-24 12:16:53.805] [ INFO] [main] Performance test message #216
[2025-12-24 12:16:53.805] [ INFO] [main] Performance test message #217
[2025-12-24 12:16:53.805] [ INFO] [main] Performance test message #218
[2025-12-24 12:16:53.805] [ INFO] [main] Performance test message #219
[2025-12-24 12:16:53.805] [ INFO] [main] Performance test message #220
[2025-12-24 12:16:53.805] [ INFO] [main] Performance test message #221
[2025-12-24 12:16:53.805] [ INFO] [main] Performance test message #222
[2025-12-24 12:16:53.805] [ INFO] [main] Performance test message #223
[2025-12-24 12:16:53.805] [ INFO] [main] Performance test message #224
[2025-12-24 12:16:53.805] [ INFO] [main] Performance test message #225
[2025-12-24 12:16:53.805] [ INFO] [main] Performance test message #226
[2025-12-24 12:16:53.805] [ INFO] [main] Performance test message #227
[2025-12-24 12:16:53.805] [ INFO] [main] Performance test message #228
[2025-12-24 12:16:53.805] [ INFO] [main] Performance test message #229
[2025-12-24 12:16:53.805] [ INFO] [main] Performance test message #230
[2025-12-24 12:16:53.805] [ INFO] [main] Performance test message #231
[2025-12-24 12:16:53.805] [ INFO] [main] Performance test message #232
[2025-12-24 12:16:53.805] [ INFO] [main] Performance test message #233
[2025-12-24 12:16:53.805] [ INFO] [main] Performance test message #234
[2025-12-24 12:16:53.805] [ INFO] [main] Performance test message #235
[2025-12-24 12:16:53.805] [ INFO] [main] Performance test message #236
[2025-12-24 12:16:53.806] [ INFO] [main] Performance test message #237
[2025-12-24 12:16:53.806] [ INFO] [main] Performance test message #238
[2025-12-24 12:16:53.806] [ INFO] [main] Performance test message #239
[2025-12-24 12:16:53.806] [ INFO] [main] Performance test message #240
[2025-12-24 12:16:53.806] [ INFO] [main] Performance test message #241
[2025-12-24 12:16:53.806] [ INFO] [main] Performance test message #242
[2025-12-24 12:16:53.806] [ INFO] [main] Performance test message #243
[2025-12-24 12:16:53.806] [ INFO] [main] Performance test message #244
[2025-12-24 12:16:53.806] [ INFO] [main] Performance test message #245
[2025-12-24 12:16:53.806] [ INFO] [main] Performance test message #246
[2025-12-24 12:16:53.806] [ INFO] [main] Performance test message #247
[2025-12-24 12:16:53.806] [ INFO] [main] Performance test message #248
[2025-12-24 12:16:53.806] [ INFO] [main] Performance test message #249
[2025-12-24 12:16:53.806] [ INFO] [main] Performance test message #250
[2025-12-24 12:16:53.806] [ INFO] [main] Performance test message #251
[2025-12-24 12:16:53.806] [ INFO] [main] Performance test message #252
[2025-12-24 12:16:53.806] [ INFO] [main] Performance test message #253
[2025-12-24 12:16:53.806] [ INFO] [main] Performance test message #254
[2025-12-24 12:16:53.806] [ INFO] [main] Performance test message #255
[2025-12-24 12:16:53.806] [ INFO] [main] Performance test message #256
[2025-12-24 12:16:53.806] [ INFO] [main] Performance test message #257
[2025-12-24 12:16:53.806] [ INFO] [main] Performance test message #258
[2025-12-24 12:16:53.806] [ INFO] [main] Performance test message #259
[2025-12-24 12:16:53.806] [ INFO] [main] Performance test message #260
[2025-12-24 12:16:53.806] [ INFO] [main] Performance test message #261
[2025-12-24 12:16:53.806] [ INFO] [main] Performance test message #262
[2025-12-24 12:16:53.807] [ INFO] [main] Performance test message #263
[2025-12-24 12:16:53.807] [ INFO] [main] Performance test message #264
[2025-12-24 12:16:53.807] [ INFO] [main] Performance test message #265
[2025-12-24 12:16:53.807] [ INFO] [main] Performance test message #266
[2025-12-24 12:16:53.807] [ INFO] [main] Performance test message #267
[2025-12-24 12:16:53.807] [ INFO] [main] Performance test message #268
[2025-12-24 12:16:53.807] [ INFO] [main] Performance test message #269
[2025-12-24 12:16:53.807] [ INFO] [main] Performance test message #270
[2025-12-24 12:16:53.807] [ INFO] [main] Performance test message #271
[2025-12-24 12:16:53.807] [ INFO] [main] Performance test message #272
[2025-12-24 12:16:53.807] [ INFO] [main] Performance test message #273
[2025-12-24 12:16:53.807] [ INFO] [main] Performance test message #274
[2025-12-24 12:16:53.807] [ INFO] [main] Performance test message #275
[2025-12-24 12:16:53.807] [ INFO] [main] Performance test message #276
[2025-12-24 12:16:53.807] [ INFO] [main] Performance test message #277
[2025-12-24 12:16:53.807] [ INFO] [main] Performance test message #278
[2025-12-24 12:16:53.807] [ INFO] [main] Performance test message #279
[2025-12-24 12:16:53.807] [ INFO] [main] Performance test message #280
[2025-12-24 12:16:53.807] [ INFO] [main] Performance test message #281
[2025-12-24 12:16:53.807] [ INFO] [main] Performance test message #282
[2025-12-24 12:16:53.807] [ INFO] [main] Performance test message #283
[2025-12-24 12:16:53.807] [ INFO] [main] Performance test message #284
[2025-12-24 12:16:53.807] [ INFO] [main] Performance test message #285
[2025-12-24 12:16:53.807] [ INFO] [main] Performance test message #286
[2025-12-24 12:16:53.808] [ INFO] [main] Performance test message #287
[2025-12-24 12:16:53.808] [ INFO] [main] Performance test message #288
[2025-12-24 12:16:53.808] [ INFO] [main] Performance test message #289
[2025-12-24 12:16:53.808] [ INFO] [main] Performance test message #290
[2025-12-24 12:16:53.808] [ INFO] [main] Performance test message #291
[2025-12-24 12:16:53.808] [ INFO] [main] Performance test message #292
[2025-12-24 12:16:53.809] [ INFO] [main] Performance test message #293
[2025-12-24 12:16:53.809] [ INFO] [main] Performance test message #294
[2025-12-24 12:16:53.809] [ INFO] [main] Performance test message #295
[2025-12-24 12:16:53.809] [ INFO] [main] Performance test message #296
[2025-12-24 12:16:53.809] [ INFO] [main] Performance test message #297
[2025-12-24 12:16:53.809] [ INFO] [main] Performance test message #298
[2025-12-24 12:16:53.809] [ INFO] [main] Performance test message #299
[2025-12-24 12:16:53.811] [ INFO] [main] Performance test message #300
[2025-12-24 12:16:53.811] [ INFO] [main] Performance test message #301
[2025-12-24 12:16:53.811] [ INFO] [main] Performance test message #302
[2025-12-24 12:16:53.811] [ INFO] [main] Performance test message #303
[2025-12-24 12:16:53.811] [ INFO] [main] Performance test message #304
[2025-12-24 12:16:53.811] [ INFO] [main] Performance test message #305
[2025-12-24 12:16:53.811] [ INFO] [main] Performance test message #306
[2025-12-24 12:16:53.811] [ INFO] [main] Performance test message #307
[2025-12-24 12:16:53.811] [ INFO] [main] Performance test message #308
[2025-12-24 12:16:53.812] [ INFO] [main] Performance test message #309
[2025-12-24 12:16:53.812] [ INFO] [main] Performance test message #310
[2025-12-24 12:16:53.812] [ INFO] [main] Performance test message #311
[2025-12-24 12:16:53.812] [ INFO] [main] Performance test message #312
[2025-12-24 12:16:53.812] [ INFO] [main] Performance test message #313
[2025-12-24 12:16:53.812] [ INFO] [main] Performance test message #314
[2025-12-24 12:16:53.812] [ INFO] [main] Performance test message #315
[2025-12-24 12:16:53.812] [ INFO] [main] Performance test message #316
[2025-12-24 12:16:53.812] [ INFO] [main] Performance test message #317
[2025-12-24 12:16:53.812] [ INFO] [main] Performance test message #318
[2025-12-24 12:16:53.812] [ INFO] [main] Performance test message #319
[2025-12-24 12:16:53.812] [ INFO] [main] Performance test message #320
[2025-12-24 12:16:53.812] [ INFO] [main] Performance test message #321
[2025-12-24 12:16:53.812] [ INFO] [main] Performance test message #322
[2025-12-24 12:16:53.812] [ INFO] [main] Performance test message #323
[2025-12-24 12:16:53.813] [ INFO] [main] Performance test message #324
[2025-12-24 12:16:53.813] [ INFO] [main] Performance test message #325
[2025-12-24 12:16:53.813] [ INFO] [main] Performance test message #326
[2025-12-24 12:16:53.813] [ INFO] [main] Performance test message #327
[2025-12-24 12:16:53.813] [ INFO] [main] Performance test message #328
[2025-12-24 12:16:53.813] [ INFO] [main] Performance test message #329
[2025-12-24 12:16:53.813] [ INFO] [main] Performance test message #330
[2025-12-24 12:16:53.813] [ INFO] [main] Performance test message #331
[2025-12-24 12:16:53.813] [ INFO] [main] Performance test message #332
[2025-12-24 12:16:53.813] [ INFO] [main] Performance test message #333
[2025-12-24 12:16:53.813] [ INFO] [main] Performance test message #334
[2025-12-24 12:16:53.813] [ INFO] [main] Performance test message #335
[2025-12-24 12:16:53.813] [ INFO] [main] Performance test message #336
[2025-12-24 12:16:53.813] [ INFO] [main] Performance test message #337
[2025-12-24 12:16:53.813] [ INFO] [main] Performance test message #338
[2025-12-24 12:16:53.813] [ INFO] [main] Performance test message #339
[2025-12-24 12:16:53.813] [ INFO] [main] Performance test message #340
[2025-12-24 12:16:53.814] [ INFO] [main] Performance test message #341
[2025-12-24 12:16:53.814] [ INFO] [main] Performance test message #342
[2025-12-24 12:16:53.814] [ INFO] [main] Performance test message #343
[2025-12-24 12:16:53.814] [ INFO] [main] Performance test message #344
[2025-12-24 12:16:53.814] [ INFO] [main] Performance test message #345
[2025-12-24 12:16:53.814] [ INFO] [main] Performance test message #346
[2025-12-24 12:16:53.814] [ INFO] [main] Performance test message #347
[2025-12-24 12:16:53.814] [ INFO] [main] Performance test message #348
[2025-12-24 12:16:53.814] [ INFO] [main] Performance test message #349
[2025-12-24 12:16:53.814] [ INFO] [main] Performance test message #350
[2025-12-24 12:16:53.815] [ INFO] [main] Performance test message #351
[2025-12-24 12:16:53.815] [ INFO] [main] Performance test message #352
[2025-12-24 12:16:53.815] [ INFO] [main] Performance test message #353
[2025-12-24 12:16:53.815] [ INFO] [main] Performance test message #354
[2025-12-24 12:16:53.815] [ INFO] [main] Performance test message #355
[2025-12-24 12:16:53.815] [ INFO] [main] Performance test message #356
[2025-12-24 12:16:53.815] [ INFO] [main] Performance test message #357
[2025-12-24 12:16:53.815] [ INFO] [main] Performance test message #358
[2025-12-24 12:16:53.815] [ INFO] [main] Performance test message #359
[2025-12-24 12:16:53.815] [ INFO] [main] Performance test message #360
[2025-12-24 12:16:53.815] [ INFO] [main] Performance test message #361
[2025-12-24 12:16:53.815] [ INFO] [main] Performance test message #362
[2025-12-24 12:16:53.815] [ INFO] [main] Performance test message #363
[2025-12-24 12:16:53.815] [ INFO] [main] Performance test message #364
[2025-12-24 12:16:53.815] [ INFO] [main] Performance test message #365
[2025-12-24 12:16:53.815] [ INFO] [main] Performance test message #366
[2025-12-24 12:16:53.815] [ INFO] [main] Performance test message #367
[2025-12-24 12:16:53.816] [ INFO] [main] Performance test message #368
[2025-12-24 12:16:53.816] [ INFO] [main] Performance test message #369
[2025-12-24 12:16:53.816] [ INFO] [main] Performance test message #370
[2025-12-24 12:16:53.816] [ INFO] [main] Performance test message #371
[2025-12-24 12:16:53.816] [ INFO] [main] Performance test message #372
[2025-12-24 12:16:53.816] [ INFO] [main] Performance test message #373
[2025-12-24 12:16:53.816] [ INFO] [main] Performance test message #374
[2025-12-24 12:16:53.817] [ INFO] [main] Performance test message #375
[2025-12-24 12:16:53.817] [ INFO] [main] Performance test message #376
[2025-12-24 12:16:53.817] [ INFO] [main] Performance test message #377
[2025-12-24 12:16:53.817] [ INFO] [main] Performance test message #378
[2025-12-24 12:16:53.817] [ INFO] [main] Performance test message #379
[2025-12-24 12:16:53.817] [ INFO] [main] Performance test message #380
[2025-12-24 12:16:53.817] [ INFO] [main] Performance test message #381
[2025-12-24 12:16:53.817] [ INFO] [main] Performance test message #382
[2025-12-24 12:16:53.817] [ INFO] [main] Performance test message #383
[2025-12-24 12:16:53.817] [ INFO] [main] Performance test message #384
[2025-12-24 12:16:53.818] [ INFO] [main] Performance test message #385
[2025-12-24 12:16:53.818] [ INFO] [main] Performance test message #386
[2025-12-24 12:16:53.818] [ INFO] [main] Performance test message #387
[2025-12-24 12:16:53.818] [ INFO] [main] Performance test message #388
[2025-12-24 12:16:53.818] [ INFO] [main] Performance test message #389
[2025-12-24 12:16:53.819] [ INFO] [main] Performance test message #390
[2025-12-24 12:16:53.819] [ INFO] [main] Performance test message #391
[2025-12-24 12:16:53.819] [ INFO] [main] Performance test message #392
[2025-12-24 12:16:53.819] [ INFO] [main] Performance test message #393
[2025-12-24 12:16:53.819] [ INFO] [main] Performance test message #394
[2025-12-24 12:16:53.819] [ INFO] [main] Performance test message #395
[2025-12-24 12:16:53.819] [ INFO] [main] Performance test message #396
[2025-12-24 12:16:53.819] [ INFO] [main] Performance test message #397
[2025-12-24 12:16:53.819] [ INFO] [main] Performance test message #398
[2025-12-24 12:16:53.819] [ INFO] [main] Performance test message #399
[2025-12-24 12:16:53.819] [ INFO] [main] Performance test message #400
[2025-12-24 12:16:53.819] [ INFO] [main] Performance test message #401
[2025-12-24 12:16:53.819] [ INFO] [main] Performance test message #402
[2025-12-24 12:16:53.820] [ INFO] [main] Performance test message #403
[2025-12-24 12:16:53.820] [ INFO] [main] Performance test message #404
[2025-12-24 12:16:53.820] [ INFO] [main] Performance test message #405
[2025-12-24 12:16:53.820] [ INFO] [main] Performance test message #406
[2025-12-24 12:16:53.820] [ INFO] [main] Performance test message #407
[2025-12-24 12:16:53.820] [ INFO] [main] Performance test message #408
[2025-12-24 12:16:53.820] [ INFO] [main] Performance test message #409
[2025-12-24 12:16:53.820] [ INFO] [main] Performance test message #410
[2025-12-24 12:16:53.820] [ INFO] [main] Performance test message #411
[2025-12-24 12:16:53.820] [ INFO] [main] Performance test message #412
[2025-12-24 12:16:53.820] [ INFO] [main] Performance test message #413
[2025-12-24 12:16:53.820] [ INFO] [main] Performance test message #414
[2025-12-24 12:16:53.820] [ INFO] [main] Performance test message #415
[2025-12-24 12:16:53.820] [ INFO] [main] Performance test message #416
[2025-12-24 12:16:53.820] [ INFO] [main] Performance test message #417
[2025-12-24 12:16:53.820] [ INFO] [main] Performance test message #418
[2025-12-24 12:16:53.820] [ INFO] [main] Performance test message #419
[2025-12-24 12:16:53.820] [ INFO] [main] Performance test message #420
[2025-12-24 12:16:53.820] [ INFO] [main] Performance test message #421
[2025-12-24 12:16:53.820] [ INFO] [main] Performance test message #422
[2025-12-24 12:16:53.820] [ INFO] [main] Performance test message #423
[2025-12-24 12:16:53.820] [ INFO] [main] Performance test message #424
[2025-12-24 12:16:53.820] [ INFO] [main] Performance test message #425
[2025-12-24 12:16:53.820] [ INFO] [main] Performance test message #426
[2025-12-24 12:16:53.820] [ INFO] [main] Performance test message #427
[2025-12-24 12:16:53.820] [ INFO] [main] Performance test message #428
[2025-12-24 12:16:53.820] [ INFO] [main] Performance test message #429
[2025-12-24 12:16:53.821] [ INFO] [main] Performance test message #430
[2025-12-24 12:16:53.821] [ INFO] [main] Performance test message #431
[2025-12-24 12:16:53.821] [ INFO] [main] Performance test message #432
[2025-12-24 12:16:53.821] [ INFO] [main] Performance test message #433
[2025-12-24 12:16:53.821] [ INFO] [main] Performance test message #434
[2025-12-24 12:16:53.821] [ INFO] [main] Performance test message #435
[2025-12-24 12:16:53.821] [ INFO] [main] Performance test message #436
[2025-12-24 12:16:53.821] [ INFO] [main] Performance test message #437
[2025-12-24 12:16:53.821] [ INFO] [main] Performance test message #438
[2025-12-24 12:16:53.821] [ INFO] [main] Performance test message #439
[2025-12-24 12:16:53.821] [ INFO] [main] Performance test message #440
[2025-12-24 12:16:53.821] [ INFO] [main] Performance test message #441
[2025-12-24 12:16:53.821] [ INFO] [main] Performance test message #442
[2025-12-24 12:16:53.821] [ INFO] [main] Performance test message #443
[2025-12-24 12:16:53.821] [ INFO] [main] Performance test message #444
[2025-12-24 12:16:53.821] [ INFO] [main] Performance test message #445
[2025-12-24 12:16:53.821] [ INFO] [main] Performance test message #446
[2025-12-24 12:16:53.821] [ INFO] [main] Performance test message #447
[2025-12-24 12:16:53.821] [ INFO] [main] Performance test message #448
[2025-12-24 12:16:53.821] [ INFO] [main] Performance test message #449
[2025-12-24 12:16:53.821] [ INFO] [main] Performance test message #450
[2025-12-24 12:16:53.821] [ INFO] [main] Performance test message #451
[2025-12-24 12:16:53.821] [ INFO] [main] Performance test message #452
[2025-12-24 12:16:53.821] [ INFO] [main] Performance test message #453
[2025-12-24 12:16:53.821] [ INFO] [main] Performance test message #454
[2025-12-24 12:16:53.821] [ INFO] [main] Performance test message #455
[2025-12-24 12:16:53.821] [ INFO] [main] Performance test message #456
[2025-12-24 12:16:53.821] [ INFO] [main] Performance test message #457
[2025-12-24 12:16:53.821] [ INFO] [main] Performance test message #458
[2025-12-24 12:16:53.821] [ INFO] [main] Performance test message #459
[2025-12-24 12:16:53.821] [ INFO] [main] Performance test message #460
[2025-12-24 12:16:53.822] [ INFO] [main] Performance test message #461
[2025-12-24 12:16:53.822] [ INFO] [main] Performance test message #462
[2025-12-24 12:16:53.822] [ INFO] [main] Performance test message #463
[2025-12-24 12:16:53.822] [ INFO] [main] Performance test message #464
[2025-12-24 12:16:53.822] [ INFO] [main] Performance test message #465
[2025-12-24 12:16:53.822] [ INFO] [main] Performance test message #466
[2025-12-24 12:16:53.822] [ INFO] [main] Performance test message #467
[2025-12-24 12:16:53.822] [ INFO] [main] Performance test message #468
[2025-12-24 12:16:53.822] [ INFO] [main] Performance test message #469
[2025-12-24 12:16:53.822] [ INFO] [main] Performance test message #470
[2025-12-24 12:16:53.822] [ INFO] [main] Performance test message #471
[2025-12-24 12:16:53.822] [ INFO] [main] Performance test message #472
[2025-12-24 12:16:53.822] [ INFO] [main] Performance test message #473
[2025-12-24 12:16:53.822] [ INFO] [main] Performance test message #474
[2025-12-24 12:16:53.822] [ INFO] [main] Performance test message #475
[2025-12-24 12:16:53.822] [ INFO] [main] Performance test message #476
[2025-12-24 12:16:53.822] [ INFO] [main] Performance test message #477
[2025-12-24 12:16:53.822] [ INFO] [main] Performance test message #478
[2025-12-24 12:16:53.822] [ INFO] [main] Performance test message #479
[2025-12-24 12:16:53.822] [ INFO] [main] Performance test message #480
[2025-12-24 12:16:53.822] [ INFO] [main] Performance test message #481
[2025-12-24 12:16:53.822] [ INFO] [main] Performance test message #482
[2025-12-24 12:16:53.822] [ INFO] [main] Performance test message #483
[2025-12-24 12:16:53.822] [ INFO] [main] Performance test message #484
[2025-12-24 12:16:53.823] [ INFO] [main] Performance test message #485
[2025-12-24 12:16:53.823] [ INFO] [main] Performance test message #486
[2025-12-24 12:16:53.823] [ INFO] [main] Performance test message #487
[2025-12-24 12:16:53.823] [ INFO] [main] Performance test message #488
[2025-12-24 12:16:53.823] [ INFO] [main] Performance test message #489
[2025-12-24 12:16:53.823] [ INFO] [main] Performance test message #490
[2025-12-24 12:16:53.823] [ INFO] [main] Performance test message #491
[2025-12-24 12:16:53.823] [ INFO] [main] Performance test message #492
[2025-12-24 12:16:53.823] [ INFO] [main] Performance test message #493
[2025-12-24 12:16:53.823] [ INFO] [main] Performance test message #494
[2025-12-24 12:16:53.823] [ INFO] [main] Performance test message #495
[2025-12-24 12:16:53.823] [ INFO] [main] Performance test message #496
[2025-12-24 12:16:53.823] [ INFO] [main] Performance test message #497
[2025-12-24 12:16:53.823] [ INFO] [main] Performance test message #498
[2025-12-24 12:16:53.823] [ INFO] [main] Performance test message #499
[2025-12-24 12:16:53.823] [ INFO] [main] Performance test message #500
[2025-12-24 12:16:53.823] [ INFO] [main] Performance test message #501
[2025-12-24 12:16:53.823] [ INFO] [main] Performance test message #502
[2025-12-24 12:16:53.823] [ INFO] [main] Performance test message #503
[2025-12-24 12:16:53.823] [ INFO] [main] Performance test message #504
[2025-12-24 12:16:53.823] [ INFO] [main] Performance test message #505
[2025-12-24 12:16:53.823] [ INFO] [main] Performance test message #506
[2025-12-24 12:16:53.823] [ INFO] [main] Performance test message #507
[2025-12-24 12:16:53.823] [ INFO] [main] Performance test message #508
[2025-12-24 12:16:53.823] [ INFO] [main] Performance test message #509
[2025-12-24 12:16:53.823] [ INFO] [main] Performance test message #510
[2025-12-24 12:16:53.824] [ INFO] [main] Performance test message #511
[2025-12-24 12:16:53.824] [ INFO] [main] Performance test message #512
[2025-12-24 12:16:53.824] [ INFO] [main] Performance test message #513
[2025-12-24 12:16:53.824] [ INFO] [main] Performance test message #514
[2025-12-24 12:16:53.824] [ INFO] [main] Performance test message #515
[2025-12-24 12:16:53.824] [ INFO] [main] Performance test message #516
[2025-12-24 12:16:53.824] [ INFO] [main] Performance test message #517
[2025-12-24 12:16:53.824] [ INFO] [main] Performance test message #518
[2025-12-24 12:16:53.824] [ INFO] [main] Performance test message #519
[2025-12-24 12:16:53.824] [ INFO] [main] Performance test message #520
[2025-12-24 12:16:53.824] [ INFO] [main] Performance test message #521
[2025-12-24 12:16:53.824] [ INFO] [main] Performance test message #522
[2025-12-24 12:16:53.824] [ INFO] [main] Performance test message #523
[2025-12-24 12:16:53.824] [ INFO] [main] Performance test message #524
[2025-12-24 12:16:53.824] [ INFO] [main] Performance test message #525
[2025-12-24 12:16:53.824] [ INFO] [main] Performance test message #526
[2025-12-24 12:16:53.824] [ INFO] [main] Performance test message #527
[2025-12-24 12:16:53.824] [ INFO] [main] Performance test message #528
[2025-12-24 12:16:53.824] [ INFO] [main] Performance test message #529
[2025-12-24 12:16:53.824] [ INFO] [main] Performance test message #530
[2025-12-24 12:16:53.824] [ INFO] [main] Performance test message #531
[2025-12-24 12:16:53.824] [ INFO] [main] Performance test message #532
[2025-12-24 12:16:53.824] [ INFO] [main] Performance test message #533
[2025-12-24 12:16:53.824] [ INFO] [main] Performance test message #534
[2025-12-24 12:16:53.824] [ INFO] [main] Performance test message #535
[2025-12-24 12:16:53.824] [ INFO] [main] Performance test message #536
[2025-12-24 12:16:53.824] [ INFO] [main] Performance test message #537
[2025-12-24 12:16:53.824] [ INFO] [main] Performance test message #538
[2025-12-24 12:16:53.824] [ INFO] [main] Performance test message #539
[2025-12-24 12:16:53.824] [ INFO] [main] Performance test message #540
[2025-12-24 12:16:53.824] [ INFO] [main] Performance test message #541
[2025-12-24 12:16:53.825] [ INFO] [main] Performance test message #542
[2025-12-24 12:16:53.825] [ INFO] [main] Performance test message #543
[2025-12-24 12:16:53.825] [ INFO] [main] Performance test message #544
[2025-12-24 12:16:53.825] [ INFO] [main] Performance test message #545
[2025-12-24 12:16:53.825] [ INFO] [main] Performance test message #546
[2025-12-24 12:16:53.825] [ INFO] [main] Performance test message #547
[2025-12-24 12:16:53.825] [ INFO] [main] Performance test message #548
[2025-12-24 12:16:53.825] [ INFO] [main] Performance test message #549
[2025-12-24 12:16:53.825] [ INFO] [main] Performance test message #550
[2025-12-24 12:16:53.825] [ INFO] [main] Performance test message #551
[2025-12-24 12:16:53.825] [ INFO] [main] Performance test message #552
[2025-12-24 12:16:53.825] [ INFO] [main] Performance test message #553
[2025-12-24 12:16:53.825] [ INFO] [main] Performance test message #554
[2025-12-24 12:16:53.825] [ INFO] [main] Performance test message #555
[2025-12-24 12:16:53.825] [ INFO] [main] Performance test message #556
[2025-12-24 12:16:53.825] [ INFO] [main] Performance test message #557
[2025-12-24 12:16:53.825] [ INFO] [main] Performance test message #558
[2025-12-24 12:16:53.825] [ INFO] [main] Performance test message #559
[2025-12-24 12:16:53.825] [ INFO] [main] Performance test message #560
[2025-12-24 12:16:53.825] [ INFO] [main] Performance test message #561
[2025-12-24 12:16:53.825] [ INFO] [main] Performance test message #562
[2025-12-24 12:16:53.825] [ INFO] [main] Performance test message #563
[2025-12-24 12:16:53.825] [ INFO] [main] Performance test message #564
[2025-12-24 12:16:53.825] [ INFO] [main] Performance test message #565
[2025-12-24 12:16:53.825] [ INFO] [main] Performance test message #566
[2025-12-24 12:16:53.825] [ INFO] [main] Performance test message #567
[2025-12-24 12:16:53.825] [ INFO] [main] Performance test message #568
[2025-12-24 12:16:53.825] [ INFO] [main] Performance test message #569
[2025-12-24 12:16:53.825] [ INFO] [main] Performance test message #570
[2025-12-24 12:16:53.825] [ INFO] [main] Performance test message #571
[2025-12-24 12:16:53.825] [ INFO] [main] Performance test message #572
[2025-12-24 12:16:53.825] [ INFO] [main] Performance test message #573
[2025-12-24 12:16:53.825] [ INFO] [main] Performance test message #574
[2025-12-24 12:16:53.825] [ INFO] [main] Performance test message #575
[2025-12-24 12:16:53.825] [ INFO] [main] Performance test message #576
[2025-12-24 12:16:53.825] [ INFO] [main] Performance test message #577
[2025-12-24 12:16:53.825] [ INFO] [main] Performance test message #578
[2025-12-24 12:16:53.825] [ INFO] [main] Performance test message #579
[2025-12-24 12:16:53.825] [ INFO] [main] Performance test message #580
[2025-12-24 12:16:53.825] [ INFO] [main] Performance test message #581
[2025-12-24 12:16:53.826] [ INFO] [main] Performance test message #582
[2025-12-24 12:16:53.826] [ INFO] [main] Performance test message #583
[2025-12-24 12:16:53.826] [ INFO] [main] Performance test message #584
[2025-12-24 12:16:53.826] [ INFO] [main] Performance test message #585
[2025-12-24 12:16:53.826] [ INFO] [main] Performance test message #586
[2025-12-24 12:16:53.826] [ INFO] [main] Performance test message #587
[2025-12-24 12:16:53.826] [ INFO] [main] Performance test message #588
[2025-12-24 12:16:53.826] [ INFO] [main] Performance test message #589
[2025-12-24 12:16:53.826] [ INFO] [main] Performance test message #590
[2025-12-24 12:16:53.826] [ INFO] [main] Performance test message #591
[2025-12-24 12:16:53.826] [ INFO] [main] Performance test message #592
[2025-12-24 12:16:53.826] [ INFO] [main] Performance test message #593
[2025-12-24 12:16:53.826] [ INFO] [main] Performance test message #594
[2025-12-24 12:16:53.826] [ INFO] [main] Performance test message #595
[2025-12-24 12:16:53.826] [ INFO] [main] Performance test message #596
[2025-12-24 12:16:53.826] [ INFO] [main] Performance test message #597
[2025-12-24 12:16:53.826] [ INFO] [main] Performance test message #598
[2025-12-24 12:16:53.826] [ INFO] [main] Performance test message #599
[2025-12-24 12:16:53.826] [ INFO] [main] Performance test message #600
[2025-12-24 12:16:53.826] [ INFO] [main] Performance test message #601
[2025-12-24 12:16:53.826] [ INFO] [main] Performance test message #602
[2025-12-24 12:16:53.826] [ INFO] [main] Performance test message #603
[2025-12-24 12:16:53.826] [ INFO] [main] Performance test message #604
[2025-12-24 12:16:53.826] [ INFO] [main] Performance test message #605
[2025-12-24 12:16:53.826] [ INFO] [main] Performance test message #606
[2025-12-24 12:16:53.826] [ INFO] [main] Performance test message #607
[2025-12-24 12:16:53.826] [ INFO] [main] Performance test message #608
[2025-12-24 12:16:53.826] [ INFO] [main] Performance test message #609
[2025-12-24 12:16:53.827] [ INFO] [main] Performance test message #610
[2025-12-24 12:16:53.827] [ INFO] [main] Performance test message #611
[2025-12-24 12:16:53.827] [ INFO] [main] Performance test message #612
[2025-12-24 12:16:53.827] [ INFO] [main] Performance test message #613
[2025-12-24 12:16:53.827] [ INFO] [main] Performance test message #614
[2025-12-24 12:16:53.827] [ INFO] [main] Performance test message #615
[2025-12-24 12:16:53.827] [ INFO] [main] Performance test message #616
[2025-12-24 12:16:53.827] [ INFO] [main] Performance test message #617
[2025-12-24 12:16:53.827] [ INFO] [main] Performance test message #618
[2025-12-24 12:16:53.827] [ INFO] [main] Performance test message #619
[2025-12-24 12:16:53.827] [ INFO] [main] Performance test message #620
[2025-12-24 12:16:53.827] [ INFO] [main] Performance test message #621
[2025-12-24 12:16:53.827] [ INFO] [main] Performance test message #622
[2025-12-24 12:16:53.827] [ INFO] [main] Performance test message #623
[2025-12-24 12:16:53.827] [ INFO] [main] Performance test message #624
[2025-12-24 12:16:53.827] [ INFO] [main] Performance test message #625
[2025-12-24 12:16:53.827] [ INFO] [main] Performance test message #626
[2025-12-24 12:16:53.827] [ INFO] [main] Performance test message #627
[2025-12-24 12:16:53.827] [ INFO] [main] Performance test message #628
[2025-12-24 12:16:53.827] [ INFO] [main] Performance test message #629
[2025-12-24 12:16:53.827] [ INFO] [main] Performance test message #630
[2025-12-24 12:16:53.828] [ INFO] [main] Performance test message #631
[2025-12-24 12:16:53.828] [ INFO] [main] Performance test message #632
[2025-12-24 12:16:53.828] [ INFO] [main] Performance test message #633
[2025-12-24 12:16:53.828] [ INFO] [main] Performance test message #634
[2025-12-24 12:16:53.828] [ INFO] [main] Performance test message #635
[2025-12-24 12:16:53.828] [ INFO] [main] Performance test message #636
[2025-12-24 12:16:53.828] [ INFO] [main] Performance test message #637
[2025-12-24 12:16:53.828] [ INFO] [main] Performance test message #638
[2025-12-24 12:16:53.828] [ INFO] [main] Performance test message #639
[2025-12-24 12:16:53.828] [ INFO] [main] Performance test message #640
[2025-12-24 12:16:53.828] [ INFO] [main] Performance test message #641
[2025-12-24 12:16:53.828] [ INFO] [main] Performance test message #642
[2025-12-24 12:16:53.828] [ INFO] [main] Performance test message #643
[2025-12-24 12:16:53.828] [ INFO] [main] Performance test message #644
[2025-12-24 12:16:53.828] [ INFO] [main] Performance test message #645
[2025-12-24 12:16:53.828] [ INFO] [main] Performance test message #646
[2025-12-24 12:16:53.828] [ INFO] [main] Performance test message #647
[2025-12-24 12:16:53.828] [ INFO] [main] Performance test message #648
[2025-12-24 12:16:53.828] [ INFO] [main] Performance test message #649
[2025-12-24 12:16:53.828] [ INFO] [main] Performance test message #650
[2025-12-24 12:16:53.828] [ INFO] [main] Performance test message #651
[2025-12-24 12:16:53.828] [ INFO] [main] Performance test message #652
[2025-12-24 12:16:53.828] [ INFO] [main] Performance test message #653
[2025-12-24 12:16:53.828] [ INFO] [main] Performance test message #654
[2025-12-24 12:16:53.828] [ INFO] [main] Performance test message #655
[2025-12-24 12:16:53.828] [ INFO] [main] Performance test message #656
[2025-12-24 12:16:53.829] [ INFO] [main] Performance test message #657
[2025-12-24 12:16:53.830] [ INFO] [main] Performance test message #658
[2025-12-24 12:16:53.835] [ INFO] [main] Performance test message #659
[2025-12-24 12:16:53.835] [ INFO] [main] Performance test message #660
[2025-12-24 12:16:53.835] [ INFO] [main] Performance test message #661
[2025-12-24 12:16:53.835] [ INFO] [main] Performance test message #662
[2025-12-24 12:16:53.836] [ INFO] [main] Performance test message #663
[2025-12-24 12:16:53.836] [ INFO] [main] Performance test message #664
[2025-12-24 12:16:53.836] [ INFO] [main] Performance test message #665
[2025-12-24 12:16:53.836] [ INFO] [main] Performance test message #666
[2025-12-24 12:16:53.836] [ INFO] [main] Performance test message #667
[2025-12-24 12:16:53.836] [ INFO] [main] Performance test message #668
[2025-12-24 12:16:53.836] [ INFO] [main] Performance test message #669
[2025-12-24 12:16:53.836] [ INFO] [main] Performance test message #670
[2025-12-24 12:16:53.836] [ INFO] [main] Performance test message #671
[2025-12-24 12:16:53.836] [ INFO] [main] Performance test message #672
[2025-12-24 12:16:53.836] [ INFO] [main] Performance test message #673
[2025-12-24 12:16:53.836] [ INFO] [main] Performance test message #674
[2025-12-24 12:16:53.836] [ INFO] [main] Performance test message #675
[2025-12-24 12:16:53.836] [ INFO] [main] Performance test message #676
[2025-12-24 12:16:53.836] [ INFO] [main] Performance test message #677
[2025-12-24 12:16:53.836] [ INFO] [main] Performance test message #678
[2025-12-24 12:16:53.836] [ INFO] [main] Performance test message #679
[2025-12-24 12:16:53.836] [ INFO] [main] Performance test message #680
[2025-12-24 12:16:53.836] [ INFO] [main] Performance test message #681
[2025-12-24 12:16:53.836] [ INFO] [main] Performance test message #682
[2025-12-24 12:16:53.836] [ INFO] [main] Performance test message #683
[2025-12-24 12:16:53.836] [ INFO] [main] Performance test message #684
[2025-12-24 12:16:53.836] [ INFO] [main] Performance test message #685
[2025-12-24 12:16:53.836] [ INFO] [main] Performance test message #686
[2025-12-24 12:16:53.836] [ INFO] [main] Performance test message #687
[2025-12-24 12:16:53.836] [ INFO] [main] Performance test message #688
[2025-12-24 12:16:53.836] [ INFO] [main] Performance test message #689
[2025-12-24 12:16:53.836] [ INFO] [main] Performance test message #690
[2025-12-24 12:16:53.836] [ INFO] [main] Performance test message #691
[2025-12-24 12:16:53.836] [ INFO] [main] Performance test message #692
[2025-12-24 12:16:53.836] [ INFO] [main] Performance test message #693
[2025-12-24 12:16:53.836] [ INFO] [main] Performance test message #694
[2025-12-24 12:16:53.836] [ INFO] [main] Performance test message #695
[2025-12-24 12:16:53.836] [ INFO] [main] Performance test message #696
[2025-12-24 12:16:53.836] [ INFO] [main] Performance test message #697
[2025-12-24 12:16:53.837] [ INFO] [main] Performance test message #698
[2025-12-24 12:16:53.837] [ INFO] [main] Performance test message #699
[2025-12-24 12:16:53.837] [ INFO] [main] Performance test message #700
[2025-12-24 12:16:53.837] [ INFO] [main] Performance test message #701
[2025-12-24 12:16:53.837] [ INFO] [main] Performance test message #702
[2025-12-24 12:16:53.837] [ INFO] [main] Performance test message #703
[2025-12-24 12:16:53.837] [ INFO] [main] Performance test message #704
[2025-12-24 12:16:53.837] [ INFO] [main] Performance test message #705
[2025-12-24 12:16:53.837] [ INFO] [main] Performance test message #706
[2025-12-24 12:16:53.837] [ INFO] [main] Performance test message #707
[2025-12-24 12:16:53.837] [ INFO] [main] Performance test message #708
[2025-12-24 12:16:53.837] [ INFO] [main] Performance test message #709
[2025-12-24 12:16:53.837] [ INFO] [main] Performance test message #710
[2025-12-24 12:16:53.837] [ INFO] [main] Performance test message #711
[2025-12-24 12:16:53.837] [ INFO] [main] Performance test message #712
[2025-12-24 12:16:53.837] [ INFO] [main] Performance test message #713
[2025-12-24 12:16:53.837] [ INFO] [main] Performance test message #714
[2025-12-24 12:16:53.837] [ INFO] [main] Performance test message #715
[2025-12-24 12:16:53.837] [ INFO] [main] Performance test message #716
[2025-12-24 12:16:53.837] [ INFO] [main] Performance test message #717
[2025-12-24 12:16:53.837] [ INFO] [main] Performance test message #718
[2025-12-24 12:16:53.837] [ INFO] [main] Performance test message #719
[2025-12-24 12:16:53.837] [ INFO] [main] Performance test message #720
[2025-12-24 12:16:53.837] [ INFO] [main] Performance test message #721
[2025-12-24 12:16:53.837] [ INFO] [main] Performance test message #722
[2025-12-24 12:16:53.837] [ INFO] [main] Performance test message #723
[2025-12-24 12:16:53.837] [ INFO] [main] Performance test message #724
[2025-12-24 12:16:53.837] [ INFO] [main] Performance test message #725
[2025-12-24 12:16:53.837] [ INFO] [main] Performance test message #726
[2025-12-24 12:16:53.837] [ INFO] [main] Performance test message #727
[2025-12-24 12:16:53.837] [ INFO] [main] Performance test message #728
[2025-12-24 12:16:53.837] [ INFO] [main] Performance test message #729
[2025-12-24 12:16:53.837] [ INFO] [main] Performance test message #730
[2025-12-24 12:16:53.837] [ INFO] [main] Performance test message #731
[2025-12-24 12:16:53.837] [ INFO] [main] Performance test message #732
[2025-12-24 12:16:53.837] [ INFO] [main] Performance test message #733
[2025-12-24 12:16:53.837] [ INFO] [main] Performance test message #734
[2025-12-24 12:16:53.837] [ INFO] [main] Performance test message #735
[2025-12-24 12:16:53.837] [ INFO] [main] Performance test message #736
[2025-12-24 12:16:53.837] [ INFO] [main] Performance test message #737
[2025-12-24 12:16:53.837] [ INFO] [main] Performance test message #738
[2025-12-24 12:16:53.837] [ INFO] [main] Performance test message #739
[2025-12-24 12:16:53.837] [ INFO] [main] Performance test message #740
[2025-12-24 12:16:53.837] [ INFO] [main] Performance test message #741
[2025-12-24 12:16:53.837] [ INFO] [main] Performance test message #742
[2025-12-24 12:16:53.837] [ INFO] [main] Performance test message #743
[2025-12-24 12:16:53.837] [ INFO] [main] Performance test message #744
[2025-12-24 12:16:53.838] [ INFO] [main] Performance test message #745
[2025-12-24 12:16:53.838] [ INFO] [main] Performance test message #746
[2025-12-24 12:16:53.838] [ INFO] [main] Performance test message #747
[2025-12-24 12:16:53.838] [ INFO] [main] Performance test message #748
[2025-12-24 12:16:53.838] [ INFO] [main] Performance test message #749
[2025-12-24 12:16:53.838] [ INFO] [main] Performance test message #750
[2025-12-24 12:16:53.838] [ INFO] [main] Performance test message #751
[2025-12-24 12:16:53.838] [ INFO] [main] Performance test message #752
[2025-12-24 12:16:53.838] [ INFO] [main] Performance test message #753
[2025-12-24 12:16:53.838] [ INFO] [main] Performance test message #754
[2025-12-24 12:16:53.838] [ INFO] [main] Performance test message #755
[2025-12-24 12:16:53.838] [ INFO] [main] Performance test message #756
[2025-12-24 12:16:53.838] [ INFO] [main] Performance test message #757
[2025-12-24 12:16:53.838] [ INFO] [main] Performance test message #758
[2025-12-24 12:16:53.838] [ INFO] [main] Performance test message #759
[2025-12-24 12:16:53.838] [ INFO] [main] Performance test message #760
[2025-12-24 12:16:53.838] [ INFO] [main] Performance test message #761
[2025-12-24 12:16:53.838] [ INFO] [main] Performance test message #762
[2025-12-24 12:16:53.838] [ INFO] [main] Performance test message #763
[2025-12-24 12:16:53.838] [ INFO] [main] Performance test message #764
[2025-12-24 12:16:53.838] [ INFO] [main] Performance test message #765
[2025-12-24 12:16:53.838] [ INFO] [main] Performance test message #766
[2025-12-24 12:16:53.838] [ INFO] [main] Performance test message #767
[2025-12-24 12:16:53.838] [ INFO] [main] Performance test message #768
[2025-12-24 12:16:53.838] [ INFO] [main] Performance test message #769
[2025-12-24 12:16:53.838] [ INFO] [main] Performance test message #770
[2025-12-24 12:16:53.838] [ INFO] [main] Performance test message #771
[2025-12-24 12:16:53.838] [ INFO] [main] Performance test message #772
[2025-12-24 12:16:53.838] [ INFO] [main] Performance test message #773
[2025-12-24 12:16:53.838] [ INFO] [main] Performance test message #774
[2025-12-24 12:16:53.838] [ INFO] [main] Performance test message #775
[2025-12-24 12:16:53.838] [ INFO] [main] Performance test message #776
[2025-12-24 12:16:53.838] [ INFO] [main] Performance test message #777
[2025-12-24 12:16:53.838] [ INFO] [main] Performance test message #778
[2025-12-24 12:16:53.838] [ INFO] [main] Performance test message #779
[2025-12-24 12:16:53.838] [ INFO] [main] Performance test message #780
[2025-12-24 12:16:53.838] [ INFO] [main] Performance test message #781
[2025-12-24 12:16:53.838] [ INFO] [main] Performance test message #782
[2025-12-24 12:16:53.839] [ INFO] [main] Performance test message #783
[2025-12-24 12:16:53.839] [ INFO] [main] Performance test message #784
[2025-12-24 12:16:53.839] [ INFO] [main] Performance test message #785
[2025-12-24 12:16:53.839] [ INFO] [main] Performance test message #786
[2025-12-24 12:16:53.839] [ INFO] [main] Performance test message #787
[2025-12-24 12:16:53.839] [ INFO] [main] Performance test message #788
[2025-12-24 12:16:53.839] [ INFO] [main] Performance test message #789
[2025-12-24 12:16:53.839] [ INFO] [main] Performance test message #790
[2025-12-24 12:16:53.839] [ INFO] [main] Performance test message #791
[2025-12-24 12:16:53.839] [ INFO] [main] Performance test message #792
[2025-12-24 12:16:53.839] [ INFO] [main] Performance test message #793
[2025-12-24 12:16:53.839] [ INFO] [main] Performance test message #794
[2025-12-24 12:16:53.839] [ INFO] [main] Performance test message #795
[2025-12-24 12:16:53.839] [ INFO] [main] Performance test message #796
[2025-12-24 12:16:53.839] [ INFO] [main] Performance test message #797
[2025-12-24 12:16:53.839] [ INFO] [main] Performance test message #798
[2025-12-24 12:16:53.839] [ INFO] [main] Performance test message #799
[2025-12-24 12:16:53.839] [ INFO] [main] Performance test message #800
[2025-12-24 12:16:53.839] [ INFO] [main] Performance test message #801
[2025-12-24 12:16:53.839] [ INFO] [main] Performance test message #802
[2025-12-24 12:16:53.839] [ INFO] [main] Performance test message #803
[2025-12-24 12:16:53.839] [ INFO] [main] Performance test message #804
[2025-12-24 12:16:53.839] [ INFO] [main] Performance test message #805
[2025-12-24 12:16:53.839] [ INFO] [main] Performance test message #806
[2025-12-24 12:16:53.839] [ INFO] [main] Performance test message #807
[2025-12-24 12:16:53.839] [ INFO] [main] Performance test message #808
[2025-12-24 12:16:53.839] [ INFO] [main] Performance test message #809
[2025-12-24 12:16:53.839] [ INFO] [main] Performance test message #810
[2025-12-24 12:16:53.839] [ INFO] [main] Performance test message #811
[2025-12-24 12:16:53.839] [ INFO] [main] Performance test message #812
[2025-12-24 12:16:53.839] [ INFO] [main] Performance test message #813
[2025-12-24 12:16:53.839] [ INFO] [main] Performance test message #814
[2025-12-24 12:16:53.839] [ INFO] [main] Performance test message #815
[2025-12-24 12:16:53.839] [ INFO] [main] Performance test message #816
[2025-12-24 12:16:53.839] [ INFO] [main] Performance test message #817
[2025-12-24 12:16:53.839] [ INFO] [main] Performance test message #818
[2025-12-24 12:16:53.839] [ INFO] [main] Performance test message #819
[2025-12-24 12:16:53.840] [ INFO] [main] Performance test message #820
[2025-12-24 12:16:53.840] [ INFO] [main] Performance test message #821
[2025-12-24 12:16:53.840] [ INFO] [main] Performance test message #822
[2025-12-24 12:16:53.840] [ INFO] [main] Performance test message #823
[2025-12-24 12:16:53.840] [ INFO] [main] Performance test message #824
[2025-12-24 12:16:53.840] [ INFO] [main] Performance test message #825
[2025-12-24 12:16:53.840] [ INFO] [main] Performance test message #826
[2025-12-24 12:16:53.840] [ INFO] [main] Performance test message #827
[2025-12-24 12:16:53.840] [ INFO] [main] Performance test message #828
[2025-12-24 12:16:53.840] [ INFO] [main] Performance test message #829
[2025-12-24 12:16:53.840] [ INFO] [main] Performance test message #830
[2025-12-24 12:16:53.840] [ INFO] [main] Performance test message #831
[2025-12-24 12:16:53.840] [ INFO] [main] Performance test message #832
[2025-12-24 12:16:53.840] [ INFO] [main] Performance test message #833
[2025-12-24 12:16:53.840] [ INFO] [main] Performance test message #834
[2025-12-24 12:16:53.840] [ INFO] [main] Performance test message #835
[2025-12-24 12:16:53.840] [ INFO] [main] Performance test message #836
[2025-12-24 12:16:53.840] [ INFO] [main] Performance test message #837
[2025-12-24 12:16:53.840] [ INFO] [main] Performance test message #838
[2025-12-24 12:16:53.840] [ INFO] [main] Performance test message #839
[2025-12-24 12:16:53.840] [ INFO] [main] Performance test message #840
[2025-12-24 12:16:53.840] [ INFO] [main] Performance test message #841
[2025-12-24 12:16:53.840] [ INFO] [main] Performance test message #842
[2025-12-24 12:16:53.840] [ INFO] [main] Performance test message #843
[2025-12-24 12:16:53.840] [ INFO] [main] Performance test message #844
[2025-12-24 12:16:53.840] [ INFO] [main] Performance test message #845
[2025-12-24 12:16:53.840] [ INFO] [main] Performance test message #846
[2025-12-24 12:16:53.840] [ INFO] [main] Performance test message #847
[2025-12-24 12:16:53.840] [ INFO] [main] Performance test message #848
[2025-12-24 12:16:53.840] [ INFO] [main] Performance test message #849
[2025-12-24 12:16:53.840] [ INFO] [main] Performance test message #850
[2025-12-24 12:16:53.840] [ INFO] [main] Performance test message #851
[2025-12-24 12:16:53.840] [ INFO] [main] Performance test message #852
[2025-12-24 12:16:53.840] [ INFO] [main] Performance test message #853
[2025-12-24 12:16:53.840] [ INFO] [main] Performance test message #854
[2025-12-24 12:16:53.840] [ INFO] [main] Performance test message #855
[2025-12-24 12:16:53.840] [ INFO] [main] Performance test message #856
[2025-12-24 12:16:53.840] [ INFO] [main] Performance test message #857
[2025-12-24 12:16:53.840] [ INFO] [main] Performance test message #858
[2025-12-24 12:16:53.840] [ INFO] [main] Performance test message #859
[2025-12-24 12:16:53.841] [ INFO] [main] Performance test message #860
[2025-12-24 12:16:53.841] [ INFO] [main] Performance test message #861
[2025-12-24 12:16:53.841] [ INFO] [main] Performance test message #862
[2025-12-24 12:16:53.841] [ INFO] [main] Performance test message #863
[2025-12-24 12:16:53.841] [ INFO] [main] Performance test message #864
[2025-12-24 12:16:53.841] [ INFO] [main] Performance test message #865
[2025-12-24 12:16:53.841] [ INFO] [main] Performance test message #866
[2025-12-24 12:16:53.841] [ INFO] [main] Performance test message #867
[2025-12-24 12:16:53.841] [ INFO] [main] Performance test message #868
[2025-12-24 12:16:53.841] [ INFO] [main] Performance test message #869
[2025-12-24 12:16:53.841] [ INFO] [main] Performance test message #870
[2025-12-24 12:16:53.841] [ INFO] [main] Performance test message #871
[2025-12-24 12:16:53.841] [ INFO] [main] Performance test message #872
[2025-12-24 12:16:53.841] [ INFO] [main] Performance test message #873
[2025-12-24 12:16:53.841] [ INFO] [main] Performance test message #874
[2025-12-24 12:16:53.841] [ INFO] [main] Performance test message #875
[2025-12-24 12:16:53.841] [ INFO] [main] Performance test message #876
[2025-12-24 12:16:53.841] [ INFO] [main] Performance test message #877
[2025-12-24 12:16:53.841] [ INFO] [main] Performance test message #878
[2025-12-24 12:16:53.841] [ INFO] [main] Performance test message #879
[2025-12-24 12:16:53.841] [ INFO] [main] Performance test message #880
[2025-12-24 12:16:53.841] [ INFO] [main] Performance test message #881
[2025-12-24 12:16:53.841] [ INFO] [main] Performance test message #882
[2025-12-24 12:16:53.841] [ INFO] [main] Performance test message #883
[2025-12-24 12:16:53.841] [ INFO] [main] Performance test message #884
[2025-12-24 12:16:53.841] [ INFO] [main] Performance test message #885
[2025-12-24 12:16:53.841] [ INFO] [main] Performance test message #886
[2025-12-24 12:16:53.841] [ INFO] [main] Performance test message #887
[2025-12-24 12:16:53.841] [ INFO] [main] Performance test message #888
[2025-12-24 12:16:53.841] [ INFO] [main] Performance test message #889
[2025-12-24 12:16:53.841] [ INFO] [main] Performance test message #890
[2025-12-24 12:16:53.841] [ INFO] [main] Performance test message #891
[2025-12-24 12:16:53.841] [ INFO] [main] Performance test message #892
[2025-12-24 12:16:53.841] [ INFO] [main] Performance test message #893
[2025-12-24 12:16:53.841] [ INFO] [main] Performance test message #894
[2025-12-24 12:16:53.841] [ INFO] [main] Performance test message #895
[2025-12-24 12:16:53.841] [ INFO] [main] Performance test message #896
[2025-12-24 12:16:53.841] [ INFO] [main] Performance test message #897
[2025-12-24 12:16:53.841] [ INFO] [main] Performance test message #898
[2025-12-24 12:16:53.841] [ INFO] [main] Performance test message #899
[2025-12-24 12:16:53.842] [ INFO] [main] Performance test message #900
[2025-12-24 12:16:53.842] [ INFO] [main] Performance test message #901
[2025-12-24 12:16:53.842] [ INFO] [main] Performance test message #902
[2025-12-24 12:16:53.842] [ INFO] [main] Performance test message #903
[2025-12-24 12:16:53.842] [ INFO] [main] Performance test message #904
[2025-12-24 12:16:53.842] [ INFO] [main] Performance test message #905
[2025-12-24 12:16:53.842] [ INFO] [main] Performance test message #906
[2025-12-24 12:16:53.842] [ INFO] [main] Performance test message #907
[2025-12-24 12:16:53.842] [ INFO] [main] Performance test message #908
[2025-12-24 12:16:53.842] [ INFO] [main] Performance test message #909
[2025-12-24 12:16:53.842] [ INFO] [main] Performance test message #910
[2025-12-24 12:16:53.842] [ INFO] [main] Performance test message #911
[2025-12-24 12:16:53.842] [ INFO] [main] Performance test message #912
[2025-12-24 12:16:53.842] [ INFO] [main] Performance test message #913
[2025-12-24 12:16:53.842] [ INFO] [main] Performance test message #914
[2025-12-24 12:16:53.842] [ INFO] [main] Performance test message #915
[2025-12-24 12:16:53.842] [ INFO] [main] Performance test message #916
[2025-12-24 12:16:53.842] [ INFO] [main] Performance test message #917
[2025-12-24 12:16:53.842] [ INFO] [main] Performance test message #918
[2025-12-24 12:16:53.842] [ INFO] [main] Performance test message #919
[2025-12-24 12:16:53.842] [ INFO] [main] Performance test message #920
[2025-12-24 12:16:53.842] [ INFO] [main] Performance test message #921
[2025-12-24 12:16:53.842] [ INFO] [main] Performance test message #922
[2025-12-24 12:16:53.842] [ INFO] [main] Performance test message #923
[2025-12-24 12:16:53.842] [ INFO] [main] Performance test message #924
[2025-12-24 12:16:53.842] [ INFO] [main] Performance test message #925
[2025-12-24 12:16:53.842] [ INFO] [main] Performance test message #926
[2025-12-24 12:16:53.842] [ INFO] [main] Performance test message #927
[2025-12-24 12:16:53.842] [ INFO] [main] Performance test message #928
[2025-12-24 12:16:53.842] [ INFO] [main] Performance test message #929
[2025-12-24 12:16:53.842] [ INFO] [main] Performance test message #930
[2025-12-24 12:16:53.842] [ INFO] [main] Performance test message #931
[2025-12-24 12:16:53.842] [ INFO] [main] Performance test message #932
[2025-12-24 12:16:53.842] [ INFO] [main] Performance test message #933
[2025-12-24 12:16:53.842] [ INFO] [main] Performance test message #934
[2025-12-24 12:16:53.842] [ INFO] [main] Performance test message #935
[2025-12-24 12:16:53.842] [ INFO] [main] Performance test message #936
[2025-12-24 12:16:53.842] [ INFO] [main] Performance test message #937
[2025-12-24 12:16:53.842] [ INFO] [main] Performance test message #938
[2025-12-24 12:16:53.842] [ INFO] [main] Performance test message #939
[2025-12-24 12:16:53.842] [ INFO] [main] Performance test message #940
[2025-12-24 12:16:53.842] [ INFO] [main] Performance test message #941
[2025-12-24 12:16:53.842] [ INFO] [main] Performance test message #942
[2025-12-24 12:16:53.842] [ INFO] [main] Performance test message #943
[2025-12-24 12:16:53.842] [ INFO] [main] Performance test message #944
[2025-12-24 12:16:53.842] [ INFO] [main] Performance test message #945
[2025-12-24 12:16:53.842] [ INFO] [main] Performance test message #946
[2025-12-24 12:16:53.842] [ INFO] [main] Performance test message #947
[2025-12-24 12:16:53.842] [ INFO] [main] Performance test message #948
[2025-12-24 12:16:53.842] [ INFO] [main] Performance test message #949
[2025-12-24 12:16:53.843] [ INFO] [main] Performance test message #950
[2025-12-24 12:16:53.843] [ INFO] [main] Performance test message #951
[2025-12-24 12:16:53.843] [ INFO] [main] Performance test message #952
[2025-12-24 12:16:53.843] [ INFO] [main] Performance test message #953
[2025-12-24 12:16:53.843] [ INFO] [main] Performance test message #954
[2025-12-24 12:16:53.843] [ INFO] [main] Performance test message #955
[2025-12-24 12:16:53.843] [ INFO] [main] Performance test message #956
[2025-12-24 12:16:53.843] [ INFO] [main] Performance test message #957
[2025-12-24 12:16:53.843] [ INFO] [main] Performance test message #958
[2025-12-24 12:16:53.843] [ INFO] [main] Performance test message #959
[2025-12-24 12:16:53.843] [ INFO] [main] Performance test message #960
[2025-12-24 12:16:53.843] [ INFO] [main] Performance test message #961
[2025-12-24 12:16:53.843] [ INFO] [main] Performance test message #962
[2025-12-24 12:16:53.843] [ INFO] [main] Performance test message #963
[2025-12-24 12:16:53.843] [ INFO] [main] Performance test message #964
[2025-12-24 12:16:53.843] [ INFO] [main] Performance test message #965
[2025-12-24 12:16:53.843] [ INFO] [main] Performance test message #966
[2025-12-24 12:16:53.843] [ INFO] [main] Performance test message #967
[2025-12-24 12:16:53.843] [ INFO] [main] Performance test message #968
[2025-12-24 12:16:53.843] [ INFO] [main] Performance test message #969
[2025-12-24 12:16:53.843] [ INFO] [main] Performance test message #970
[2025-12-24 12:16:53.843] [ INFO] [main] Performance test message #971
[2025-12-24 12:16:53.843] [ INFO] [main] Performance test message #972
[2025-12-24 12:16:53.843] [ INFO] [main] Performance test message #973
[2025-12-24 12:16:53.843] [ INFO] [main] Performance test message #974
[2025-12-24 12:16:53.843] [ INFO] [main] Performance test message #975
[2025-12-24 12:16:53.843] [ INFO] [main] Performance test message #976
[2025-12-24 12:16:53.843] [ INFO] [main] Performance test message #977
[2025-12-24 12:16:53.843] [ INFO] [main] Performance test message #978
[2025-12-24 12:16:53.843] [ INFO] [main] Performance test message #979
[2025-12-24 12:16:53.843] [ INFO] [main] Performance test message #980
[2025-12-24 12:16:53.843] [ INFO] [main] Performance test message #981
[2025-12-24 12:16:53.843] [ INFO] [main] Performance test message #982
[2025-12-24 12:16:53.843] [ INFO] [main] Performance test message #983
[2025-12-24 12:16:53.843] [ INFO] [main] Performance test message #984
[2025-12-24 12:16:53.843] [ INFO] [main] Performance test message #985
[2025-12-24 12:16:53.843] [ INFO] [main] Performance test message #986
[2025-12-24 12:16:53.843] [ INFO] [main] Performance test message #987
[2025-12-24 12:16:53.843] [ INFO] [main] Performance test message #988
[2025-12-24 12:16:53.843] [ INFO] [main] Performance test message #989
[2025-12-24 12:16:53.843] [ INFO] [main] Performance test message #990
[2025-12-24 12:16:53.843] [ INFO] [main] Performance test message #991
[2025-12-24 12:16:53.843] [ INFO] [main] Performance test message #992
[2025-12-24 12:16:53.843] [ INFO] [main] Performance test message #993
[2025-12-24 12:16:53.843] [ INFO] [main] Performance test message #994
[2025-12-24 12:16:53.843] [ INFO] [main] Performance test message #995
[2025-12-24 12:16:53.843] [ INFO] [main] Performance test message #996
[2025-12-24 12:16:53.843] [ INFO] [main] Performance test message #997
[2025-12-24 12:16:53.843] [ INFO] [main] Performance test message #998
[2025-12-24 12:16:53.843] [ INFO] [main] Performance test message #999
